2020-05-28 01:06:41,705 [INFO] com.aust.c_language.base.CLanguageApplication:50 - Starting CLanguageApplication on DHH with PID 7928 (E:\IDEAWorkspace2018\clanguage\target\classes started by Lenovo in E:\IDEAWorkspace2018\clanguage)
2020-05-28 01:06:41,709 [INFO] com.aust.c_language.base.CLanguageApplication:675 - No active profile set, falling back to default profiles: default
2020-05-28 01:06:42,671 [INFO] org.springframework.data.repository.config.RepositoryConfigurationDelegate:126 - Bootstrapping Spring Data repositories in DEFAULT mode.
2020-05-28 01:06:42,736 [INFO] org.springframework.data.repository.config.RepositoryConfigurationDelegate:182 - Finished Spring Data repository scanning in 57ms. Found 1 repository interfaces.
2020-05-28 01:06:43,080 [INFO] org.springframework.context.support.PostProcessorRegistrationDelegate$BeanPostProcessorChecker:330 - Bean 'org.springframework.transaction.annotation.ProxyTransactionManagementConfiguration' of type [org.springframework.transaction.annotation.ProxyTransactionManagementConfiguration$$EnhancerBySpringCGLIB$$bfcf34b8] is not eligible for getting processed by all BeanPostProcessors (for example: not eligible for auto-proxying)
2020-05-28 01:06:43,460 [INFO] org.springframework.boot.web.embedded.tomcat.TomcatWebServer:90 - Tomcat initialized with port(s): 7777 (http)
2020-05-28 01:06:43,477 [INFO] org.apache.coyote.http11.Http11NioProtocol:173 - Initializing ProtocolHandler ["http-nio-7777"]
2020-05-28 01:06:43,487 [INFO] org.apache.catalina.core.StandardService:173 - Starting service [Tomcat]
2020-05-28 01:06:43,487 [INFO] org.apache.catalina.core.StandardEngine:173 - Starting Servlet engine: [Apache Tomcat/9.0.17]
2020-05-28 01:06:43,627 [INFO] org.apache.catalina.core.ContainerBase.[Tomcat].[localhost].[/]:173 - Initializing Spring embedded WebApplicationContext
2020-05-28 01:06:43,627 [INFO] org.springframework.web.context.ContextLoader:296 - Root WebApplicationContext: initialization completed in 1869 ms
2020-05-28 01:06:43,795 [INFO] com.zaxxer.hikari.HikariDataSource:110 - HikariPool-1 - Starting...
2020-05-28 01:06:44,024 [INFO] com.zaxxer.hikari.HikariDataSource:123 - HikariPool-1 - Start completed.
2020-05-28 01:06:44,171 [INFO] org.hibernate.jpa.internal.util.LogHelper:31 - HHH000204: Processing PersistenceUnitInfo [
	name: default
	...]
2020-05-28 01:06:44,240 [INFO] org.hibernate.Version:46 - HHH000412: Hibernate Core {5.3.9.Final}
2020-05-28 01:06:44,241 [INFO] org.hibernate.cfg.Environment:213 - HHH000206: hibernate.properties not found
2020-05-28 01:06:44,362 [INFO] org.hibernate.annotations.common.Version:49 - HCANN000001: Hibernate Commons Annotations {5.0.4.Final}
2020-05-28 01:06:44,489 [INFO] org.hibernate.dialect.Dialect:157 - HHH000400: Using dialect: org.hibernate.dialect.MySQL5Dialect
2020-05-28 01:06:45,016 [INFO] org.springframework.orm.jpa.LocalContainerEntityManagerFactoryBean:415 - Initialized JPA EntityManagerFactory for persistence unit 'default'
2020-05-28 01:06:45,499 [INFO] org.springframework.scheduling.concurrent.ThreadPoolTaskExecutor:171 - Initializing ExecutorService 'applicationTaskExecutor'
2020-05-28 01:06:45,532 [WARN] org.springframework.boot.autoconfigure.orm.jpa.JpaBaseConfiguration$JpaWebConfiguration$JpaWebMvcConfiguration:237 - spring.jpa.open-in-view is enabled by default. Therefore, database queries may be performed during view rendering. Explicitly configure spring.jpa.open-in-view to disable this warning
2020-05-28 01:06:45,729 [INFO] org.apache.coyote.http11.Http11NioProtocol:173 - Starting ProtocolHandler ["http-nio-7777"]
2020-05-28 01:06:45,760 [INFO] org.springframework.boot.web.embedded.tomcat.TomcatWebServer:204 - Tomcat started on port(s): 7777 (http) with context path ''
2020-05-28 01:06:45,763 [INFO] com.aust.c_language.base.CLanguageApplication:59 - Started CLanguageApplication in 4.79 seconds (JVM running for 8.554)
2020-05-28 01:13:27,452 [INFO] com.aust.c_language.base.CLanguageApplication:50 - Starting CLanguageApplication on DHH with PID 11952 (E:\IDEAWorkspace2018\clanguage\target\classes started by Lenovo in E:\IDEAWorkspace2018\clanguage)
2020-05-28 01:13:27,457 [INFO] com.aust.c_language.base.CLanguageApplication:675 - No active profile set, falling back to default profiles: default
2020-05-28 01:13:28,659 [INFO] org.springframework.data.repository.config.RepositoryConfigurationDelegate:126 - Bootstrapping Spring Data repositories in DEFAULT mode.
2020-05-28 01:13:28,741 [INFO] org.springframework.data.repository.config.RepositoryConfigurationDelegate:182 - Finished Spring Data repository scanning in 73ms. Found 1 repository interfaces.
2020-05-28 01:13:29,086 [INFO] org.springframework.context.support.PostProcessorRegistrationDelegate$BeanPostProcessorChecker:330 - Bean 'org.springframework.transaction.annotation.ProxyTransactionManagementConfiguration' of type [org.springframework.transaction.annotation.ProxyTransactionManagementConfiguration$$EnhancerBySpringCGLIB$$a9c76481] is not eligible for getting processed by all BeanPostProcessors (for example: not eligible for auto-proxying)
2020-05-28 01:13:29,436 [INFO] org.springframework.boot.web.embedded.tomcat.TomcatWebServer:90 - Tomcat initialized with port(s): 7777 (http)
2020-05-28 01:13:29,453 [INFO] org.apache.coyote.http11.Http11NioProtocol:173 - Initializing ProtocolHandler ["http-nio-7777"]
2020-05-28 01:13:29,461 [INFO] org.apache.catalina.core.StandardService:173 - Starting service [Tomcat]
2020-05-28 01:13:29,462 [INFO] org.apache.catalina.core.StandardEngine:173 - Starting Servlet engine: [Apache Tomcat/9.0.17]
2020-05-28 01:13:29,643 [INFO] org.apache.catalina.core.ContainerBase.[Tomcat].[localhost].[/]:173 - Initializing Spring embedded WebApplicationContext
2020-05-28 01:13:29,643 [INFO] org.springframework.web.context.ContextLoader:296 - Root WebApplicationContext: initialization completed in 2066 ms
2020-05-28 01:13:29,822 [INFO] com.zaxxer.hikari.HikariDataSource:110 - HikariPool-1 - Starting...
2020-05-28 01:13:30,071 [INFO] com.zaxxer.hikari.HikariDataSource:123 - HikariPool-1 - Start completed.
2020-05-28 01:13:30,212 [INFO] org.hibernate.jpa.internal.util.LogHelper:31 - HHH000204: Processing PersistenceUnitInfo [
	name: default
	...]
2020-05-28 01:13:30,281 [INFO] org.hibernate.Version:46 - HHH000412: Hibernate Core {5.3.9.Final}
2020-05-28 01:13:30,284 [INFO] org.hibernate.cfg.Environment:213 - HHH000206: hibernate.properties not found
2020-05-28 01:13:30,417 [INFO] org.hibernate.annotations.common.Version:49 - HCANN000001: Hibernate Commons Annotations {5.0.4.Final}
2020-05-28 01:13:30,615 [INFO] org.hibernate.dialect.Dialect:157 - HHH000400: Using dialect: org.hibernate.dialect.MySQL5Dialect
2020-05-28 01:13:31,195 [INFO] org.springframework.orm.jpa.LocalContainerEntityManagerFactoryBean:415 - Initialized JPA EntityManagerFactory for persistence unit 'default'
2020-05-28 01:13:31,655 [INFO] org.springframework.scheduling.concurrent.ThreadPoolTaskExecutor:171 - Initializing ExecutorService 'applicationTaskExecutor'
2020-05-28 01:13:31,689 [WARN] org.springframework.boot.autoconfigure.orm.jpa.JpaBaseConfiguration$JpaWebConfiguration$JpaWebMvcConfiguration:237 - spring.jpa.open-in-view is enabled by default. Therefore, database queries may be performed during view rendering. Explicitly configure spring.jpa.open-in-view to disable this warning
2020-05-28 01:13:31,781 [INFO] org.springframework.boot.autoconfigure.web.servlet.WelcomePageHandlerMapping:61 - Adding welcome page template: index
2020-05-28 01:13:31,888 [INFO] org.apache.coyote.http11.Http11NioProtocol:173 - Starting ProtocolHandler ["http-nio-7777"]
2020-05-28 01:13:31,911 [INFO] org.springframework.boot.web.embedded.tomcat.TomcatWebServer:204 - Tomcat started on port(s): 7777 (http) with context path ''
2020-05-28 01:13:31,913 [INFO] com.aust.c_language.base.CLanguageApplication:59 - Started CLanguageApplication in 5.144 seconds (JVM running for 7.462)
